Unity Editor version:    2021.3.11f1 (0a5ca18544bf)
Branch:                  2021.3/staging
Build type:              Release
Batch mode:              YES
macOS version:           Version 11.7.1 (Build 20G918)
Darwin version:          20.6.0
Architecture:            x86_64
Running under Rosetta:   NO
Available memory:        8192 MB
Using pre-set license
Pro License: YES

COMMAND LINE ARGUMENTS:
/Applications/Unity/Hub/Editor/2021.3.11f1/Unity.app/Contents/MacOS/Unity
-adb2
-batchMode
-noUpm
-name
AssetImportWorker0
-projectPath
/Users/fadikidess/Desktop/Fadi/Computer Stuff/GM/Unity Editor/New Unity Project/New Project/Imminent Threat/Imminent_Threat/Imminent Threat
-logFile
Logs/AssetImportWorker0.log
-srvPort
58399
Successfully changed project path to: /Users/fadikidess/Desktop/Fadi/Computer Stuff/GM/Unity Editor/New Unity Project/New Project/Imminent Threat/Imminent_Threat/Imminent Threat
/Users/fadikidess/Desktop/Fadi/Computer Stuff/GM/Unity Editor/New Unity Project/New Project/Imminent Threat/Imminent_Threat/Imminent Threat
[UnityMemory] Configuration Parameters - Can be set up in boot.config
    "memorysetup-bucket-allocator-granularity=16"
    "memorysetup-bucket-allocator-bucket-count=8"
    "memorysetup-bucket-allocator-block-size=33554432"
    "memorysetup-bucket-allocator-block-count=8"
    "memorysetup-main-allocator-block-size=16777216"
    "memorysetup-thread-allocator-block-size=16777216"
    "memorysetup-gfx-main-allocator-block-size=16777216"
    "memorysetup-gfx-thread-allocator-block-size=16777216"
    "memorysetup-cache-allocator-block-size=4194304"
    "memorysetup-typetree-allocator-block-size=2097152"
    "memorysetup-profiler-bucket-allocator-granularity=16"
    "memorysetup-profiler-bucket-allocator-bucket-count=8"
    "memorysetup-profiler-bucket-allocator-block-size=33554432"
    "memorysetup-profiler-bucket-allocator-block-count=8"
    "memorysetup-profiler-allocator-block-size=16777216"
    "memorysetup-profiler-editor-allocator-block-size=1048576"
    "memorysetup-temp-allocator-size-main=16777216"
    "memorysetup-job-temp-allocator-block-size=2097152"
    "memorysetup-job-temp-allocator-block-size-background=1048576"
    "memorysetup-job-temp-allocator-reduction-small-platforms=262144"
    "memorysetup-temp-allocator-size-background-worker=32768"
    "memorysetup-temp-allocator-size-job-worker=262144"
    "memorysetup-temp-allocator-size-preload-manager=33554432"
    "memorysetup-temp-allocator-size-nav-mesh-worker=65536"
    "memorysetup-temp-allocator-size-audio-worker=65536"
    "memorysetup-temp-allocator-size-cloud-worker=32768"
    "memorysetup-temp-allocator-size-gi-baking-worker=262144"
    "memorysetup-temp-allocator-size-gfx=262144"
Refreshing native plugins compatible for Editor in 148.28 ms, found 2 plugins.
Preloading 0 native plugins for Editor in 0.00 ms.
Initialize engine version: 2021.3.11f1 (0a5ca18544bf)
[Subsystems] Discovering subsystems at path /Applications/Unity/Hub/Editor/2021.3.11f1/Unity.app/Contents/Resources/UnitySubsystems
[Subsystems] Discovering subsystems at path /Users/fadikidess/Desktop/Fadi/Computer Stuff/GM/Unity Editor/New Unity Project/New Project/Imminent Threat/Imminent_Threat/Imminent Threat/Assets
GfxDevice: creating device client; threaded=0; jobified=0
Color LCD preferred device: Intel(R) Iris(TM) Graphics 6000 (low power)
Metal devices available: 1
0: Intel(R) Iris(TM) Graphics 6000 (low power)
Using device Intel(R) Iris(TM) Graphics 6000 (low power)
Initializing Metal device caps: Intel(R) Iris(TM) Graphics 6000
Initialize mono
Mono path[0] = '/Applications/Unity/Hub/Editor/2021.3.11f1/Unity.app/Contents/Managed'
Mono path[1] = '/Applications/Unity/Hub/Editor/2021.3.11f1/Unity.app/Contents/MonoBleedingEdge/lib/mono/unityjit-macos'
Mono config path = '/Applications/Unity/Hub/Editor/2021.3.11f1/Unity.app/Contents/MonoBleedingEdge/etc'
Using monoOptions --debugger-agent=transport=dt_socket,embedding=1,server=y,suspend=n,address=127.0.0.1:56996
Begin MonoManager ReloadAssembly
Registering precompiled unity dll's ...
Register platform support module: /Applications/Unity/Hub/Editor/2021.3.11f1/Unity.app/Contents/PlaybackEngines/MacStandaloneSupport/UnityEditor.OSXStandalone.Extensions.dll
Registered in 0.008630 seconds.
Native extension for OSXStandalone target not found
Refreshing native plugins compatible for Editor in 140.71 ms, found 2 plugins.
Preloading 0 native plugins for Editor in 0.00 ms.
Mono: successfully reloaded assembly
- Completed reload, in  1.527 seconds
Domain Reload Profiling:
	ReloadAssembly (1527ms)
		BeginReloadAssembly (365ms)
			ExecutionOrderSort (0ms)
			DisableScriptedObjects (0ms)
			BackupInstance (0ms)
			ReleaseScriptingObjects (0ms)
			CreateAndSetChildDomain (2ms)
		EndReloadAssembly (914ms)
			LoadAssemblies (375ms)
			RebuildTransferFunctionScriptingTraits (0ms)
			SetupTypeCache (231ms)
			ReleaseScriptCaches (0ms)
			RebuildScriptCaches (60ms)
			SetupLoadedEditorAssemblies (520ms)
				LogAssemblyErrors (0ms)
				InitializePlatformSupportModulesInManaged (11ms)
				SetLoadedEditorAssemblies (0ms)
				RefreshPlugins (141ms)
				BeforeProcessingInitializeOnLoad (2ms)
				ProcessInitializeOnLoadAttributes (276ms)
				ProcessInitializeOnLoadMethodAttributes (89ms)
				AfterProcessingInitializeOnLoad (0ms)
				EditorAssembliesLoaded (0ms)
			ExecutionOrderSort2 (0ms)
			AwakeInstancesAfterBackupRestoration (0ms)
Platform modules already initialized, skipping
Registering precompiled user dll's ...
Registered in 0.003882 seconds.
Begin MonoManager ReloadAssembly
Symbol file LoadedFromMemory doesn't match image /Users/fadikidess/Desktop/Fadi/Computer Stuff/GM/Unity Editor/New Unity Project/New Project/Imminent Threat/Imminent_Threat/Imminent Threat/Library/PackageCache/com.unity.visualscripting@1.7.8/Editor/VisualScripting.Core/Dependencies/YamlDotNet/Unity.VisualScripting.YamlDotNet.dll
Symbol file LoadedFromMemory doesn't match image /Users/fadikidess/Desktop/Fadi/Computer Stuff/GM/Unity Editor/New Unity Project/New Project/Imminent Threat/Imminent_Threat/Imminent Threat/Library/PackageCache/com.unity.visualscripting@1.7.8/Editor/VisualScripting.Core/Dependencies/DotNetZip/Unity.VisualScripting.IonicZip.dll
Native extension for OSXStandalone target not found
Refreshing native plugins compatible for Editor in 0.79 ms, found 2 plugins.
Preloading 0 native plugins for Editor in 0.00 ms.
Mono: successfully reloaded assembly
- Completed reload, in  3.531 seconds
Domain Reload Profiling:
	ReloadAssembly (3534ms)
		BeginReloadAssembly (842ms)
			ExecutionOrderSort (0ms)
			DisableScriptedObjects (12ms)
			BackupInstance (0ms)
			ReleaseScriptingObjects (0ms)
			CreateAndSetChildDomain (232ms)
		EndReloadAssembly (2380ms)
			LoadAssemblies (909ms)
			RebuildTransferFunctionScriptingTraits (0ms)
			SetupTypeCache (842ms)
			ReleaseScriptCaches (1ms)
			RebuildScriptCaches (199ms)
			SetupLoadedEditorAssemblies (701ms)
				LogAssemblyErrors (0ms)
				InitializePlatformSupportModulesInManaged (7ms)
				SetLoadedEditorAssemblies (1ms)
				RefreshPlugins (1ms)
				BeforeProcessingInitializeOnLoad (142ms)
				ProcessInitializeOnLoadAttributes (492ms)
				ProcessInitializeOnLoadMethodAttributes (55ms)
				AfterProcessingInitializeOnLoad (3ms)
				EditorAssembliesLoaded (0ms)
			ExecutionOrderSort2 (0ms)
			AwakeInstancesAfterBackupRestoration (7ms)
Platform modules already initialized, skipping
========================================================================
Worker process is ready to serve import requests
Launching external process: /Applications/Unity/Hub/Editor/2021.3.11f1/Unity.app/Contents/Tools/UnityShaderCompiler
Launched and connected shader compiler UnityShaderCompiler after 0.09 seconds
Refreshing native plugins compatible for Editor in 1.21 ms, found 2 plugins.
Preloading 0 native plugins for Editor in 0.00 ms.
Unloading 3432 Unused Serialized files (Serialized files now loaded: 0)
Unloading 29 unused Assets / (0.6 MB). Loaded Objects now: 3890.
Memory consumption went from 240.4 MB to 239.8 MB.
Total: 6.725637 ms (FindLiveObjects: 0.439773 ms CreateObjectMapping: 0.389003 ms MarkObjects: 5.376722 ms  DeleteObjects: 0.518341 ms)

AssetImportParameters requested are different than current active one (requested -> active):
  custom:video-decoder-ogg-theora: a1e56fd34408186e4bbccfd4996cb3dc -> 
  custom:container-muxer-webm: aa71ff27fc2769a1b78a27578f13a17b -> 
  custom:container-demuxer-webm: 4f35f7cbe854078d1ac9338744f61a02 -> 
  custom:video-encoder-webm-vp8: eb34c28f22e8b96e1ab97ce403110664 -> 
  custom:framework-osx-AVFoundation: e770b220cccbd017edd2c1fefb359320 -> 
  custom:audio-encoder-webm-vorbis: bf7c407c2cedff20999df2af8eb42d56 -> 
  custom:container-demuxer-ogg: 62fdf1f143b41e24485cea50d1cbac27 -> 
  custom:video-decoder-webm-vp8: 9c59270c3fd7afecdb556c50c9e8de78 -> 
  custom:audio-decoder-ogg-vorbis: bf7c407c2cedff20999df2af8eb42d56 -> 
========================================================================
Received Import Request.
  Time since last request: 199334.998398 seconds.
  path: Assets/Prefabs
  artifactKey: Guid(bb17021c086434fcb8b28993d69fd3af) Importer(815301076,1909f56bfc062723c751e8b465ee728b)
Start importing Assets/Prefabs using Guid(bb17021c086434fcb8b28993d69fd3af) Importer(815301076,1909f56bfc062723c751e8b465ee728b)  -> (artifact id: 'f023670f1ab9898ace6708455ef67dc7') in 0.025081 seconds 
========================================================================
Received Import Request.
  Time since last request: 12.190725 seconds.
  path: Assets/Art
  artifactKey: Guid(0516fe11a5b474450bd374c2d6b13df0) Importer(815301076,1909f56bfc062723c751e8b465ee728b)
Start importing Assets/Art using Guid(0516fe11a5b474450bd374c2d6b13df0) Importer(815301076,1909f56bfc062723c751e8b465ee728b)  -> (artifact id: 'da6454479308eabe94e6f383e3dd0ea8') in 0.011698 seconds 
========================================================================
Received Import Request.
  Time since last request: 9.820919 seconds.
  path: Assets/Art/3DModels
  artifactKey: Guid(1f6760352f4564f7fa4b9b90c4a13504) Importer(815301076,1909f56bfc062723c751e8b465ee728b)
Start importing Assets/Art/3DModels using Guid(1f6760352f4564f7fa4b9b90c4a13504) Importer(815301076,1909f56bfc062723c751e8b465ee728b)  -> (artifact id: 'bc1d39eac30a0465dfeba97894eabc6f') in 0.010896 seconds 
========================================================================
Received Import Request.
  Time since last request: 6.334965 seconds.
  path: Assets/Art/Materials
  artifactKey: Guid(13120da38050f49b2a286cb363675a9d) Importer(815301076,1909f56bfc062723c751e8b465ee728b)
Start importing Assets/Art/Materials using Guid(13120da38050f49b2a286cb363675a9d) Importer(815301076,1909f56bfc062723c751e8b465ee728b)  -> (artifact id: '3598134bd8f819301a2079badef4c3f6') in 0.003806 seconds 
========================================================================
Received Import Request.
  Time since last request: 17.950466 seconds.
  path: Assets/Scripts/Fadi
  artifactKey: Guid(6d096bda4f69741b8b789325e1b47748) Importer(815301076,1909f56bfc062723c751e8b465ee728b)
Start importing Assets/Scripts/Fadi using Guid(6d096bda4f69741b8b789325e1b47748) Importer(815301076,1909f56bfc062723c751e8b465ee728b)  -> (artifact id: 'f2aa63df473855c4023c18791dc52c09') in 0.004006 seconds 
========================================================================
Received Import Request.
  Time since last request: 9.837621 seconds.
  path: Assets/Scenes/Fadi
  artifactKey: Guid(0562d137863914434b4da873d7c22f32) Importer(815301076,1909f56bfc062723c751e8b465ee728b)
Start importing Assets/Scenes/Fadi using Guid(0562d137863914434b4da873d7c22f32) Importer(815301076,1909f56bfc062723c751e8b465ee728b)  -> (artifact id: '7c5355076995ca333e79f5b5fe153134') in 0.008462 seconds 
========================================================================
Received Import Request.
  Time since last request: 15.160605 seconds.
  path: Assets/Prefabs/Fadi
  artifactKey: Guid(13a37129bbdcf4d9094788e8f3d945ea) Importer(815301076,1909f56bfc062723c751e8b465ee728b)
Start importing Assets/Prefabs/Fadi using Guid(13a37129bbdcf4d9094788e8f3d945ea) Importer(815301076,1909f56bfc062723c751e8b465ee728b)  -> (artifact id: 'f9f660e52b2cd82ecccb8350ef9f5a60') in 0.006941 seconds 
========================================================================
Received Import Request.
  Time since last request: 13.830334 seconds.
  path: Assets/Animations/Fadi
  artifactKey: Guid(1caecac9c60b4406bb2a3b5a9dcfce62) Importer(815301076,1909f56bfc062723c751e8b465ee728b)
Start importing Assets/Animations/Fadi using Guid(1caecac9c60b4406bb2a3b5a9dcfce62) Importer(815301076,1909f56bfc062723c751e8b465ee728b)  -> (artifact id: 'fd5fa4e007639c7471457b6127c02bbf') in 0.007989 seconds 
========================================================================
Received Import Request.
  Time since last request: 7.928212 seconds.
  path: Assets/Art/3DModels/Fadi
  artifactKey: Guid(032616a3cde35406ebc84a5c57f2a44a) Importer(815301076,1909f56bfc062723c751e8b465ee728b)
Start importing Assets/Art/3DModels/Fadi using Guid(032616a3cde35406ebc84a5c57f2a44a) Importer(815301076,1909f56bfc062723c751e8b465ee728b)  -> (artifact id: 'f2da65b64b3de5e9fe4de6245f49e520') in 0.008498 seconds 
========================================================================
Received Import Request.
  Time since last request: 14.687632 seconds.
  path: Assets/Art/Materials/Fadi
  artifactKey: Guid(6d06124dce4ba423f8e31783fc865efa) Importer(815301076,1909f56bfc062723c751e8b465ee728b)
Start importing Assets/Art/Materials/Fadi using Guid(6d06124dce4ba423f8e31783fc865efa) Importer(815301076,1909f56bfc062723c751e8b465ee728b)  -> (artifact id: '144b10fca58edd05b521de057b00c777') in 0.005080 seconds 
========================================================================
Received Import Request.
  Time since last request: 18.814514 seconds.
  path: Assets/Scenes/Level1
  artifactKey: Guid(56fa3d6cb6e3546a199d362018c22c51) Importer(815301076,1909f56bfc062723c751e8b465ee728b)
Start importing Assets/Scenes/Level1 using Guid(56fa3d6cb6e3546a199d362018c22c51) Importer(815301076,1909f56bfc062723c751e8b465ee728b)  -> (artifact id: 'fa8873f5ca8ee9b1ee97f1ccd665b536') in 0.010954 seconds 
========================================================================
Received Import Request.
  Time since last request: 8.628532 seconds.
  path: Assets/SFX/Fadi
  artifactKey: Guid(f80f127cbe7284b15ad23f720edaf66a) Importer(815301076,1909f56bfc062723c751e8b465ee728b)
Start importing Assets/SFX/Fadi using Guid(f80f127cbe7284b15ad23f720edaf66a) Importer(815301076,1909f56bfc062723c751e8b465ee728b)  -> (artifact id: 'd3b46a562823a5f553421f5f23115e0c') in 0.005608 seconds 
========================================================================
Received Import Request.
  Time since last request: 11.427862 seconds.
  path: Assets/Music
  artifactKey: Guid(76b11e6a2637449c9b6d05c11068cecb) Importer(815301076,1909f56bfc062723c751e8b465ee728b)
Start importing Assets/Music using Guid(76b11e6a2637449c9b6d05c11068cecb) Importer(815301076,1909f56bfc062723c751e8b465ee728b)  -> (artifact id: 'cb16463e3ab8d4b4ac2ee546f15f87cf') in 0.017436 seconds 
========================================================================
Received Import Request.
  Time since last request: 5.930244 seconds.
  path: Assets/Music/Fadi
  artifactKey: Guid(d202cf5cb6e29445284e24ba188d09ad) Importer(815301076,1909f56bfc062723c751e8b465ee728b)
Start importing Assets/Music/Fadi using Guid(d202cf5cb6e29445284e24ba188d09ad) Importer(815301076,1909f56bfc062723c751e8b465ee728b)  -> (artifact id: '0c2dcee2bf6be1fb8db267de235d7e5c') in 0.004837 seconds 
